09-Jan-2025 15:28:16.325 INFORMACIÓN [main] org.apache.catalina.startup.VersionLoggerListener.log Nombre de la versión del servidor: Apache Tomcat/9.0.98
09-Jan-2025 15:28:16.341 INFORMACIÓN [main] org.apache.catalina.startup.VersionLoggerListener.log Server built:                      Dec 5 2024 19:50:29 UTC
09-Jan-2025 15:28:16.341 INFORMACIÓN [main] org.apache.catalina.startup.VersionLoggerListener.log Número de versión de servidor:     9.0.98.0
09-Jan-2025 15:28:16.341 INFORMACIÓN [main] org.apache.catalina.startup.VersionLoggerListener.log OS Name:                           Windows 11
09-Jan-2025 15:28:16.341 INFORMACIÓN [main] org.apache.catalina.startup.VersionLoggerListener.log Versión de Systema Operativo:      10.0
09-Jan-2025 15:28:16.341 INFORMACIÓN [main] org.apache.catalina.startup.VersionLoggerListener.log Arquitectura:                      x86
09-Jan-2025 15:28:16.341 INFORMACIÓN [main] org.apache.catalina.startup.VersionLoggerListener.log Java Home:                         C:\java\jdk8\jre
09-Jan-2025 15:28:16.341 INFORMACIÓN [main] org.apache.catalina.startup.VersionLoggerListener.log JVM Version:                       1.8.0_401-b10
09-Jan-2025 15:28:16.341 INFORMACIÓN [main] org.apache.catalina.startup.VersionLoggerListener.log Vededor JVM:                       Oracle Corporation
09-Jan-2025 15:28:16.341 INFORMACIÓN [main] org.apache.catalina.startup.VersionLoggerListener.log CATALINA_BASE:                     C:\apache\tomcat\catalina_bases\tomcat_9_catalina_base_configuration_5
09-Jan-2025 15:28:16.341 INFORMACIÓN [main] org.apache.catalina.startup.VersionLoggerListener.log CATALINA_HOME:                     C:\apache\tomcat\apache-tomcat-9.0.98
09-Jan-2025 15:28:16.341 INFORMACIÓN [main] org.apache.catalina.startup.VersionLoggerListener.log Command line argument:             -Djava.util.logging.config.file=C:\apache\tomcat\catalina_bases\tomcat_9_catalina_base_configuration_5\conf\logging.properties
09-Jan-2025 15:28:16.341 INFORMACIÓN [main] org.apache.catalina.startup.VersionLoggerListener.log Command line argument:             -Djava.util.logging.manager=org.apache.juli.ClassLoaderLogManager
09-Jan-2025 15:28:16.341 INFORMACIÓN [main] org.apache.catalina.startup.VersionLoggerListener.log Command line argument:             -Djdk.tls.ephemeralDHKeySize=2048
09-Jan-2025 15:28:16.357 INFORMACIÓN [main] org.apache.catalina.startup.VersionLoggerListener.log Command line argument:             -Djava.protocol.handler.pkgs=org.apache.catalina.webresources
09-Jan-2025 15:28:16.357 INFORMACIÓN [main] org.apache.catalina.startup.VersionLoggerListener.log Command line argument:             -Dignore.endorsed.dirs=
09-Jan-2025 15:28:16.357 INFORMACIÓN [main] org.apache.catalina.startup.VersionLoggerListener.log Command line argument:             -Dcatalina.base=C:\apache\tomcat\catalina_bases\tomcat_9_catalina_base_configuration_5
09-Jan-2025 15:28:16.357 INFORMACIÓN [main] org.apache.catalina.startup.VersionLoggerListener.log Command line argument:             -Dcatalina.home=C:\apache\tomcat\apache-tomcat-9.0.98
09-Jan-2025 15:28:16.357 INFORMACIÓN [main] org.apache.catalina.startup.VersionLoggerListener.log Command line argument:             -Djava.io.tmpdir=C:\apache\tomcat\catalina_bases\tomcat_9_catalina_base_configuration_5\temp
09-Jan-2025 15:28:16.357 INFORMACIÓN [main] org.apache.catalina.core.AprLifecycleListener.lifecycleEvent La biblioteca nativa de Apache Tomcat basada en ARP que permite un rendimiento óptimo en entornos de desarrollo no ha sido hallada en java.library.path: [C:\java\jdk8\bin;C:\Windows\Sun\Java\bin;C:\Windows\system32;C:\Windows;C:\ProgramData\Oracle\Java\javapath;C:\java\jdk8;C:\Windows\system32;C:\Windows;C:\Windows\System32\Wbem;C:\Windows\System32\WindowsPowerShell\v1.0\;C:\Windows\System32\OpenSSH\;C:\Program Files (x86)\Common Files\Oracle\Java\javapath;C:\apache\ant\apache-ant-1.10.15\bin;C:\Users\thoma\AppData\Local\Microsoft\WindowsApps;C:\java\jdk8;C:\apache\ant\apache-ant-1.10.15\bin;;.]
09-Jan-2025 15:28:18.006 INFORMACIÓN [main] org.apache.coyote.AbstractProtocol.init Inicializando el manejador de protocolo ["http-nio-8080"]

09-Jan-2025 15:28:18.053 INFORMACIÓN [main] org.apache.catalina.startup.Catalina.load Server initialization in [1934] milliseconds
09-Jan-2025 15:28:18.179 INFORMACIÓN [main] org.apache.catalina.core.StandardService.startInternal Arrancando servicio [Catalina]
09-Jan-2025 15:28:18.179 INFORMACIÓN [main] org.apache.catalina.core.StandardEngine.startInternal Starting Servlet engine: [Apache Tomcat/9.0.98]
09-Jan-2025 15:28:18.258 INFORMACIÓN [main] org.apache.catalina.startup.HostConfig.deployWAR Despliegue del archivo [C:\apache\tomcat\catalina_bases\tomcat_9_catalina_base_configuration_5\webapps\sample.war] de la aplicación web
09-Jan-2025 15:28:19.280 ADVERTENCIA [main] org.apache.catalina.util.SessionIdGeneratorBase.createSecureRandom Creation of SecureRandom instance for session ID generation using [SHA1PRNG] took [299] milliseconds.
09-Jan-2025 15:28:19.327 INFORMACIÓN [main] org.apache.catalina.startup.HostConfig.deployWAR Deployment of web application archive [C:\apache\tomcat\catalina_bases\tomcat_9_catalina_base_configuration_5\webapps\sample.war] has finished in [1.069] ms
09-Jan-2025 15:28:19.327 INFORMACIÓN [main] org.apache.catalina.startup.HostConfig.deployDirectory Desplegando el directorio [C:\apache\tomcat\catalina_bases\tomcat_9_catalina_base_configuration_5\webapps\docs] de la aplicación web
09-Jan-2025 15:28:19.453 INFORMACIÓN [main] org.apache.catalina.startup.HostConfig.deployDirectory Deployment of web application directory [C:\apache\tomcat\catalina_bases\tomcat_9_catalina_base_configuration_5\webapps\docs] has finished in [126] ms
09-Jan-2025 15:28:19.453 INFORMACIÓN [main] org.apache.catalina.startup.HostConfig.deployDirectory Desplegando el directorio [C:\apache\tomcat\catalina_bases\tomcat_9_catalina_base_configuration_5\webapps\examples] de la aplicación web
09-Jan-2025 15:28:22.551 INFORMACIÓN [main] org.apache.catalina.startup.HostConfig.deployDirectory Deployment of web application directory [C:\apache\tomcat\catalina_bases\tomcat_9_catalina_base_configuration_5\webapps\examples] has finished in [3.098] ms
09-Jan-2025 15:28:22.551 INFORMACIÓN [main] org.apache.catalina.startup.HostConfig.deployDirectory Desplegando el directorio [C:\apache\tomcat\catalina_bases\tomcat_9_catalina_base_configuration_5\webapps\host-manager] de la aplicación web
09-Jan-2025 15:28:22.678 INFORMACIÓN [main] org.apache.catalina.startup.HostConfig.deployDirectory Deployment of web application directory [C:\apache\tomcat\catalina_bases\tomcat_9_catalina_base_configuration_5\webapps\host-manager] has finished in [127] ms
09-Jan-2025 15:28:22.678 INFORMACIÓN [main] org.apache.catalina.startup.HostConfig.deployDirectory Desplegando el directorio [C:\apache\tomcat\catalina_bases\tomcat_9_catalina_base_configuration_5\webapps\manager] de la aplicación web
09-Jan-2025 15:28:22.787 INFORMACIÓN [main] org.apache.catalina.startup.HostConfig.deployDirectory Deployment of web application directory [C:\apache\tomcat\catalina_bases\tomcat_9_catalina_base_configuration_5\webapps\manager] has finished in [109] ms
09-Jan-2025 15:28:22.787 INFORMACIÓN [main] org.apache.catalina.startup.HostConfig.deployDirectory Desplegando el directorio [C:\apache\tomcat\catalina_bases\tomcat_9_catalina_base_configuration_5\webapps\ROOT] de la aplicación web
09-Jan-2025 15:28:22.865 INFORMACIÓN [main] org.apache.catalina.startup.HostConfig.deployDirectory Deployment of web application directory [C:\apache\tomcat\catalina_bases\tomcat_9_catalina_base_configuration_5\webapps\ROOT] has finished in [78] ms
09-Jan-2025 15:28:22.881 INFORMACIÓN [main] org.apache.coyote.AbstractProtocol.start Starting ProtocolHandler ["http-nio-8080"]
09-Jan-2025 15:28:22.912 INFORMACIÓN [main] org.apache.catalina.startup.Catalina.start Server startup in [4858] milliseconds
